[09ago2024 00:00:06.459] [Server thread/INFO] [net.minecraft.server.MinecraftServer/]: [Not Secure] <Alintvnr> ...
[09ago2024 00:00:09.860] [Server thread/INFO] [net.minecraft.server.MinecraftServer/]: [Not Secure] <Bane32> bueno espera
[09ago2024 00:00:17.304] [Server thread/INFO] [net.minecraft.server.MinecraftServer/]: [Not Secure] <Bane32> pone que faltan 240 segundos
[09ago2024 00:00:25.415] [Server thread/INFO] [net.minecraft.server.MinecraftServer/]: [Not Secure] <Bane32> me lo esperaba instantaneo el logro
[09ago2024 00:04:10.457] [Server thread/INFO] [net.minecraft.server.MinecraftServer/]: [Not Secure] <Bane32> abra el cadaver
[09ago2024 00:04:14.059] [Server thread/INFO] [net.minecraft.server.MinecraftServer/]: Bane32 has reached the goal [Zombie Doctor]
[09ago2024 00:04:17.907] [Server thread/INFO] [net.minecraft.server.MinecraftServer/]: [Not Secure] <Alintvnr> asjkdfhgkjshfg
[09ago2024 00:04:34.709] [Server thread/INFO] [net.minecraft.server.MinecraftServer/]: [Not Secure] <Alintvnr> esperabamos mas pero muy chulo
[09ago2024 00:04:38.861] [Server thread/INFO] [net.minecraft.server.MinecraftServer/]: [Not Secure] <Bane32> venga aldeano calienta que sales
[09ago2024 00:04:42.405] [Server thread/INFO] [net.minecraft.server.MinecraftServer/]: [Not Secure] <Alintvnr> esclavitud !
[09ago2024 00:04:43.305] [Server thread/INFO] [net.minecraft.server.MinecraftServer/]: [Not Secure] <Bane32> segunda ronda
[09ago2024 00:05:02.199] [Server thread/INFO] [net.minecraft.world.entity.npc.Villager/]: Villager Villager['Fletcher'/5478559, l='ServerLevel[world]', x=120.30, y=73.00, z=-352.50] died, message: 'Fletcher was slain by Bilgerto'
[09ago2024 00:05:07.858] [Server thread/INFO] [net.minecraft.server.MinecraftServer/]: [Not Secure] <Bane32> esas esmeraldas no se van a cocinar solas
[09ago2024 00:05:25.035] [Server thread/INFO] [net.minecraft.server.players.PlayerList/]: colegavortexuvia[/91.245.204.223:2920] logged in with entity id 5478981 at (-129.26122174936847, 63.0, -121.42118026294419)
[09ago2024 00:05:25.045] [Server thread/INFO] [net.minecraft.server.MinecraftServer/]: colegavortexuvia joined the game
[09ago2024 00:05:25.230] [Server thread/INFO] [Jade/]: Syncing config to colegavortexuvia (db0cfd25-7a80-3c7a-9ea5-43bb1fd97d2a)
[09ago2024 00:05:30.850] [Server thread/INFO] [net.minecraft.server.MinecraftServer/]: [Not Secure] <SunnyWeeny> colega!!!!
[09ago2024 00:05:32.040] [Server thread/INFO] [net.minecraft.server.network.ServerGamePacketListenerImpl/]: colegavortexuvia lost connection: Disconnected
[09ago2024 00:05:32.040] [Server thread/INFO] [net.minecraft.server.MinecraftServer/]: colegavortexuvia left the game
[09ago2024 00:05:37.809] [Server thread/INFO] [net.minecraft.server.MinecraftServer/]: [Not Secure] <SunnyWeeny> :(
[09ago2024 00:05:38.103] [Server thread/INFO] [net.minecraft.server.MinecraftServer/]: [Not Secure] <Alintvnr> es el mejor
[09ago2024 00:06:10.775] [Server thread/INFO] [net.minecraft.server.players.PlayerList/]: colegavortexuvia[/91.245.204.223:2943] logged in with entity id 5480766 at (-129.26122174936847, 63.0, -121.42118026294419)
[09ago2024 00:06:10.785] [Server thread/INFO] [net.minecraft.server.MinecraftServer/]: colegavortexuvia joined the game
[09ago2024 00:06:10.948] [Server thread/INFO] [Jade/]: Syncing config to colegavortexuvia (db0cfd25-7a80-3c7a-9ea5-43bb1fd97d2a)
[09ago2024 00:06:15.744] [Server thread/INFO] [net.minecraft.server.MinecraftServer/]: [Not Secure] <Alintvnr> colega!!!!
[09ago2024 00:06:16.393] [Server thread/INFO] [net.minecraft.server.MinecraftServer/]: [Not Secure] <SunnyWeeny> colegaaa
[09ago2024 00:06:30.795] [Server thread/INFO] [net.minecraft.server.MinecraftServer/]: [Not Secure] <colegavortexuvia> helou
[09ago2024 00:06:40.282] [Server thread/INFO] [net.minecraft.server.MinecraftServer/]: [Not Secure] <colegavortexuvia> amigo
[09ago2024 00:06:43.024] [Server thread/INFO] [net.minecraft.server.MinecraftServer/]: [Not Secure] <colegavortexuvia> gran amigo
[09ago2024 00:06:45.713] [Server thread/INFO] [net.minecraft.server.MinecraftServer/]: [Not Secure] <colegavortexuvia> reconozco amigo
[09ago2024 00:06:52.000] [Server thread/INFO] [net.minecraft.server.MinecraftServer/]: [Not Secure] <Alintvnr> hasgfhgsfhsf
[09ago2024 00:06:53.766] [Server thread/INFO] [net.minecraft.server.MinecraftServer/]: [Not Secure] <colegavortexuvia> amigo Alin
[09ago2024 00:06:57.154] [Server thread/INFO] [net.minecraft.server.MinecraftServer/]: [Not Secure] <Alintvnr> amiga
[09ago2024 00:07:04.399] [Server thread/INFO] [net.minecraft.server.MinecraftServer/]: [Not Secure] <colegavortexuvia> (es broma todos amigos pero alin me ha comprado)
[09ago2024 00:07:08.752] [Server thread/INFO] [net.minecraft.server.MinecraftServer/]: [Not Secure] <colegavortexuvia> tengo informacion
[09ago2024 00:07:11.217] [Server thread/INFO] [net.minecraft.server.MinecraftServer/]: [Not Secure] <Alintvnr> es cierto
[09ago2024 00:07:11.983] [Server thread/INFO] [net.minecraft.server.MinecraftServer/]: [Not Secure] <colegavortexuvia> qu epuede ser de tu interes
[09ago2024 00:07:17.100] [Server thread/INFO] [net.minecraft.server.MinecraftServer/]: [Not Secure] <Alintvnr> ojito
[09ago2024 00:07:18.813] [Server thread/INFO] [net.minecraft.server.MinecraftServer/]: [Not Secure] <colegavortexuvia> amiga
[09ago2024 00:07:20.682] [Server thread/INFO] [net.minecraft.server.MinecraftServer/]: [Not Secure] <colegavortexuvia> amiga alin
[09ago2024 00:07:21.036] [Server thread/INFO] [net.minecraft.server.MinecraftServer/]: [Not Secure] <Alintvnr> cuenta cuenta
[09ago2024 00:07:32.708] [Server thread/INFO] [net.minecraft.server.MinecraftServer/]: [Not Secure] <colegavortexuvia> he encontrado el bioma de la ancient city
[09ago2024 00:07:35.447] [Server thread/INFO] [net.minecraft.server.MinecraftServer/]: [Not Secure] <colegavortexuvia> quizas te interese
[09ago2024 00:07:38.703] [Server thread/INFO] [net.minecraft.server.MinecraftServer/]: [Not Secure] <Alintvnr> GOOOOOOD
[09ago2024 00:07:43.414] [Server thread/INFO] [net.minecraft.server.MinecraftServer/]: [Not Secure] <colegavortexuvia> aha aha
[09ago2024 00:07:45.452] [Server thread/INFO] [net.minecraft.server.MinecraftServer/]: [Not Secure] <Alintvnr> yesyes
[09ago2024 00:07:46.946] [Server thread/INFO] [net.minecraft.server.MinecraftServer/]: [Not Secure] <colegavortexuvia> parece que te gusta
[09ago2024 00:07:49.010] [Server thread/INFO] [net.minecraft.server.MinecraftServer/]: [Not Secure] <colegavortexuvia> aha aha
[09ago2024 00:07:51.398] [Server thread/INFO] [net.minecraft.server.MinecraftServer/]: [Not Secure] <colegavortexuvia> puedo llevarte.
[09ago2024 00:07:55.649] [Server thread/INFO] [net.minecraft.server.MinecraftServer/]: [Not Secure] <Alintvnr> geniaaal
[09ago2024 00:07:57.765] [Server thread/INFO] [net.minecraft.server.MinecraftServer/]: [Not Secure] <Alintvnr> thaaanks
[09ago2024 00:07:58.523] [Server thread/INFO] [net.minecraft.server.MinecraftServer/]: [Not Secure] <colegavortexuvia> je je
[09ago2024 00:08:04.947] [Server thread/INFO] [net.minecraft.server.MinecraftServer/]: [Not Secure] <colegavortexuvia> si porque yo no soy pro no se hacer nada ocn ello
[09ago2024 00:08:07.451] [Server thread/INFO] [net.minecraft.server.MinecraftServer/]: [Not Secure] <colegavortexuvia> bien bien
[09ago2024 00:08:13.949] [Server thread/INFO] [net.minecraft.server.MinecraftServer/]: [Not Secure] <colegavortexuvia> ha sido la amistad que debia ser
[09ago2024 00:08:18.107] [Server thread/INFO] [net.minecraft.server.MinecraftServer/]: [Not Secure] <Alintvnr> ajhfjkasfjkshf
[09ago2024 00:08:20.517] [Server thread/INFO] [net.minecraft.server.MinecraftServer/]: [Not Secure] <colegavortexuvia> ^*emoji dandose la mano
[09ago2024 00:08:23.111] [Server thread/INFO] [net.minecraft.server.MinecraftServer/]: [Not Secure] <Alintvnr> mmhm mhhm
[09ago2024 00:08:43.729] [Server thread/INFO] [net.minecraft.server.MinecraftServer/]: [Not Secure] <colegavortexuvia> cuando quieras estoy en mi entrañable carcel hongo
[09ago2024 00:08:50.822] [Server thread/INFO] [net.minecraft.server.MinecraftServer/]: [Not Secure] <Alintvnr> genial :3
[09ago2024 00:08:55.587] [Server thread/INFO] [net.minecraft.server.MinecraftServer/]: [Not Secure] <colegavortexuvia> u.w.u
[09ago2024 00:09:02.613] [Server thread/INFO] [net.minecraft.server.MinecraftServer/]: [Not Secure] <colegavortexuvia> (siglas desconocidas)
[09ago2024 00:09:05.712] [Server thread/INFO] [net.minecraft.server.MinecraftServer/]: [Not Secure] <Alintvnr> OwO
[09ago2024 00:09:09.736] [Server thread/INFO] [net.minecraft.server.MinecraftServer/]: [Not Secure] <colegavortexuvia> si si
[09ago2024 00:10:24.178] [Server thread/INFO] [net.minecraft.world.entity.npc.Villager/]: Villager Villager['Fletcher'/5524533, l='ServerLevel[world]', x=120.30, y=73.00, z=-352.50] died, message: 'Fletcher was slain by Bilgerto'
[09ago2024 00:12:09.696] [Server thread/INFO] [net.minecraft.server.network.ServerGamePacketListenerImpl/]: colegavortexuvia lost connection: Disconnected
[09ago2024 00:12:09.697] [Server thread/INFO] [net.minecraft.server.MinecraftServer/]: colegavortexuvia left the game
[09ago2024 00:14:19.947] [Server thread/INFO] [net.minecraft.world.entity.npc.Villager/]: Villager Villager['Fletcher'/5554206, l='ServerLevel[world]', x=120.30, y=73.00, z=-352.50] died, message: 'Fletcher was slain by Bilgerto'
[09ago2024 00:14:27.015] [Server thread/INFO] [net.minecraft.server.players.PlayerList/]: colegavortexuvia[/91.245.204.223:3001] logged in with entity id 5554468 at (-132.715465169795, 63.0, -123.57720388758702)
[09ago2024 00:14:27.026] [Server thread/INFO] [net.minecraft.server.MinecraftServer/]: colegavortexuvia joined the game
[09ago2024 00:14:27.201] [Server thread/INFO] [Jade/]: Syncing config to colegavortexuvia (db0cfd25-7a80-3c7a-9ea5-43bb1fd97d2a)
[09ago2024 00:14:55.079] [Server thread/INFO] [net.minecraft.server.MinecraftServer/]: [Not Secure] <colegavortexuvia> se os habia ido a todos?
[09ago2024 00:14:58.047] [Server thread/INFO] [net.minecraft.server.MinecraftServer/]: [Not Secure] <Alintvnr> nop
[09ago2024 00:15:03.233] [Server thread/INFO] [net.minecraft.server.MinecraftServer/]: [Not Secure] <colegavortexuvia> jsjs en fin
[09ago2024 00:16:40.605] [Server thread/INFO] [net.minecraft.server.MinecraftServer/]: [Not Secure] <Alintvnr> vamos a cenar guapos
[09ago2024 00:16:44.402] [Server thread/INFO] [net.minecraft.server.MinecraftServer/]: [Not Secure] <SunnyWeeny> HASTA AHORAAA
[09ago2024 00:16:46.406] [Server thread/INFO] [net.minecraft.server.MinecraftServer/]: [Not Secure] <Alintvnr> ahora nos vemos
[09ago2024 00:16:49.348] [Server thread/INFO] [net.minecraft.server.MinecraftServer/]: [Not Secure] <Bane32> que vais a cenar el que
[09ago2024 00:16:54.702] [Server thread/INFO] [net.minecraft.server.MinecraftServer/]: [Not Secure] <Bane32> D:
[09ago2024 00:17:00.449] [Server thread/INFO] [net.minecraft.server.MinecraftServer/]: [Not Secure] <SunnyWeeny> TORTITA DE KIMCHI
[09ago2024 00:17:02.513] [Server thread/INFO] [net.minecraft.server.MinecraftServer/]: [Not Secure] <Alintvnr> pancakes de kimchi
[09ago2024 00:17:06.251] [Server thread/INFO] [net.minecraft.server.MinecraftServer/]: [Not Secure] <Alintvnr> mwa mwa+
[09ago2024 00:17:08.406] [Server thread/INFO] [net.minecraft.server.network.ServerGamePacketListenerImpl/]: Alintvnr lost connection: Disconnected
[09ago2024 00:17:08.406] [Server thread/INFO] [net.minecraft.server.MinecraftServer/]: Alintvnr left the game
[09ago2024 00:17:08.513] [Server thread/INFO] [net.minecraft.server.MinecraftServer/]: [Not Secure] <Bane32> dios suena terrible
[09ago2024 00:17:10.706] [Server thread/INFO] [net.minecraft.server.MinecraftServer/]: [Not Secure] <Bane32> uqe aproveche
[09ago2024 00:17:17.850] [Server thread/INFO] [net.minecraft.server.MinecraftServer/]: [Not Secure] <colegavortexuvia> jeje
[09ago2024 00:17:21.392] [Server thread/INFO] [net.minecraft.server.MinecraftServer/]: [Not Secure] <colegavortexuvia> si
[09ago2024 00:17:22.365] [Server thread/INFO] [net.minecraft.server.MinecraftServer/]: [Not Secure] <SunnyWeeny> tu suenas terrible
[09ago2024 00:17:26.090] [Server thread/INFO] [net.minecraft.server.MinecraftServer/]: [Not Secure] <SunnyWeeny> bleh
[09ago2024 00:17:28.694] [Server thread/INFO] [net.minecraft.server.MinecraftServer/]: [Not Secure] <SunnyWeeny> chauuuuu
[09ago2024 00:17:30.297] [Server thread/INFO] [net.minecraft.server.network.ServerGamePacketListenerImpl/]: SunnyWeeny lost connection: Disconnected
[09ago2024 00:17:30.297] [Server thread/INFO] [net.minecraft.server.MinecraftServer/]: SunnyWeeny left the game
[09ago2024 00:17:38.255] [Server thread/INFO] [net.minecraft.server.MinecraftServer/]: [Not Secure] <Bane32> xD
[09ago2024 00:17:53.349] [Server thread/INFO] [net.minecraft.server.MinecraftServer/]: [Not Secure] <Bane32> a ti como te suenan unos pancakes de kimchi colega
[09ago2024 00:18:07.199] [Server thread/INFO] [net.minecraft.server.MinecraftServer/]: [Not Secure] <colegavortexuvia> prefiero que me llameis exuvia la verdad
[09ago2024 00:18:18.951] [Server thread/INFO] [net.minecraft.server.MinecraftServer/]: [Not Secure] <Bane32> el kimchi es col y repollo fermentado si no lo conocías
[09ago2024 00:18:19.064] [Server thread/INFO] [net.minecraft.server.MinecraftServer/]: [Not Secure] <colegavortexuvia> y me suena mmmmm
[09ago2024 00:18:28.807] [Server thread/INFO] [net.minecraft.server.MinecraftServer/]: [Not Secure] <colegavortexuvia> me suena a gen z
[09ago2024 00:18:30.611] [Server thread/INFO] [net.minecraft.server.MinecraftServer/]: [Not Secure] <colegavortexuvia> xddd
[09ago2024 00:18:31.900] [Server thread/INFO] [net.minecraft.server.MinecraftServer/]: [Not Secure] <colegavortexuvia> nose
[09ago2024 00:18:32.960] [Server thread/INFO] [net.minecraft.server.MinecraftServer/]: [Not Secure] <Bane32> francamente si
[09ago2024 00:18:37.051] [Server thread/INFO] [net.minecraft.server.MinecraftServer/]: [Not Secure] <colegavortexuvia> si
[09ago2024 00:18:46.100] [Server thread/INFO] [net.minecraft.server.MinecraftServer/]: [Not Secure] <Bane32> que es exuvia
[09ago2024 00:19:00.386] [Server thread/INFO] [net.minecraft.world.entity.npc.Villager/]: Villager Villager['Fletcher'/5597885, l='ServerLevel[world]', x=120.30, y=73.00, z=-352.50] died, message: 'Fletcher was slain by Bilgerto'
[09ago2024 00:21:30.553] [Server thread/INFO] [net.minecraft.server.MinecraftServer/]: [Not Secure] <colegavortexuvia> mmm es lo que se queda cuando los artropodos mudan de piel
[09ago2024 00:21:35.951] [Server thread/INFO] [net.minecraft.server.MinecraftServer/]: [Not Secure] <colegavortexuvia> especialmente las ninfas o algo asi
[09ago2024 00:21:38.799] [Server thread/INFO] [net.minecraft.server.MinecraftServer/]: [Not Secure] <colegavortexuvia> no se muy bien
[09ago2024 00:23:18.751] [Server thread/INFO] [net.minecraft.server.MinecraftServer/]: [Not Secure] <Bane32> yo tenía ninfas
[09ago2024 00:23:24.753] [Server thread/INFO] [net.minecraft.server.MinecraftServer/]: [Not Secure] <Bane32> pero nunca las vi mudar de piel
[09ago2024 00:23:30.100] [Server thread/INFO] [net.minecraft.server.MinecraftServer/]: [Not Secure] <Bane32> solo silbaban y picaban
[09ago2024 01:00:48.947] [Server thread/WARN] [net.minecraft.server.network.ServerGamePacketListenerImpl/]: Bane32 moved wrongly!
[09ago2024 01:02:04.689] [Server thread/INFO] [net.minecraft.server.MinecraftServer/]: Bane32 has reached the goal [Riders On The Storm]
[09ago2024 01:06:11.566] [Server thread/INFO] [net.minecraft.server.players.PlayerList/]: Lau[/151.248.21.221:33089] logged in with entity id 5752539 at (-67.45217512273138, 81.0, 45.63087925924659)
[09ago2024 01:06:11.580] [Server thread/INFO] [net.minecraft.server.MinecraftServer/]: Lau joined the game
[09ago2024 01:06:11.797] [Server thread/INFO] [Jade/]: Syncing config to Lau (32740191-4d0f-3f64-a349-bf3aa08a9747)
[09ago2024 01:06:55.449] [Server thread/INFO] [net.minecraft.server.MinecraftServer/]: Lau has made the advancement [Acquire Hardware]
[09ago2024 01:11:05.173] [Server thread/INFO] [net.minecraft.server.players.PlayerList/]: ladycolega[/92.189.202.36:49803] logged in with entity id 5753485 at (-131.99480736107137, 63.0, -122.66486829193381)
[09ago2024 01:11:05.186] [Server thread/INFO] [net.minecraft.server.MinecraftServer/]: ladycolega joined the game
[09ago2024 01:11:05.379] [Server thread/INFO] [Jade/]: Syncing config to ladycolega (67d1e1f5-e43d-31fe-abd1-06840cb68358)
[09ago2024 01:11:26.165] [Server thread/INFO] [net.minecraft.server.MinecraftServer/]: [Not Secure] <ladycolega> OLA
[09ago2024 01:11:34.650] [Server thread/INFO] [net.minecraft.server.MinecraftServer/]: [Not Secure] <ladycolega> madre mia miguel cuantas horas llevas aqui
[09ago2024 01:11:41.799] [Server thread/INFO] [net.minecraft.server.MinecraftServer/]: [Not Secure] <ladycolega> digo... vortexuvia
[09ago2024 01:11:49.006] [Server thread/INFO] [net.minecraft.server.MinecraftServer/]: [Not Secure] <colegavortexuvia> mmm me he metido hace no tanto jsjs
[09ago2024 01:11:54.215] [Server thread/INFO] [net.minecraft.server.MinecraftServer/]: [Not Secure] <ladycolega> HM
[09ago2024 01:11:55.662] [Server thread/INFO] [net.minecraft.server.MinecraftServer/]: [Not Secure] <colegavortexuvia> estaba con mi padre
[09ago2024 01:12:01.100] [Server thread/INFO] [net.minecraft.server.MinecraftServer/]: [Not Secure] <Bane32> capullodeninfa
[09ago2024 01:12:07.804] [Server thread/INFO] [net.minecraft.server.MinecraftServer/]: [Not Secure] <colegavortexuvia> suen un ACORDEON
[09ago2024 01:12:11.210] [Server thread/INFO] [net.minecraft.server.MinecraftServer/]: [Not Secure] <colegavortexuvia> LO QUIEROOOOO
[09ago2024 01:12:16.812] [Server thread/INFO] [net.minecraft.server.MinecraftServer/]: [Not Secure] <ladycolega> k aceis
[09ago2024 01:13:35.545] [Server thread/INFO] [net.minecraft.server.MinecraftServer/]: [Not Secure] <ladycolega> ola
[09ago2024 01:13:42.699] [Server thread/INFO] [net.minecraft.server.MinecraftServer/]: [Not Secure] <colegavortexuvia> ola
[09ago2024 01:13:43.645] [Server thread/INFO] [net.minecraft.server.MinecraftServer/]: [Not Secure] <Bane32> ola
[09ago2024 01:13:54.945] [Server thread/INFO] [net.minecraft.server.MinecraftServer/]: [Not Secure] <Lau> hi
[09ago2024 01:14:11.595] [Server thread/INFO] [net.minecraft.server.MinecraftServer/]: [Not Secure] <ladycolega> vivis aki?
[09ago2024 01:14:22.143] [Server thread/INFO] [net.minecraft.server.MinecraftServer/]: [Not Secure] <ladycolega> ojala emigrar a un lugar mas lindo
[09ago2024 01:15:03.260] [Server thread/INFO] [net.minecraft.server.MinecraftServer/]: [Not Secure] <Lau> la verda es que es un sitio feo y esteba no se esfuerza por convertirlo en un hogar
[09ago2024 01:15:08.944] [Server thread/INFO] [net.minecraft.server.MinecraftServer/]: [Not Secure] <ladycolega> que es esto que vuela cuadrado.
[09ago2024 01:15:09.261] [Server thread/INFO] [net.minecraft.server.MinecraftServer/]: [Not Secure] <Lau> como vecino deja que desear
[09ago2024 01:15:20.399] [Server thread/INFO] [net.minecraft.server.MinecraftServer/]: [Not Secure] <ladycolega> que tienes entre manos esteban
[09ago2024 01:15:24.894] [Server thread/INFO] [net.minecraft.server.MinecraftServer/]: [Not Secure] <Bane32> porfa adolfmir
[09ago2024 01:15:30.601] [Server thread/INFO] [net.minecraft.server.MinecraftServer/]: [Not Secure] <Lau> duerman o algo que me matan
[09ago2024 01:15:32.107] [Server thread/INFO] [net.minecraft.server.MinecraftServer/]: [Not Secure] <ladycolega> vale ya me voy si si.
[09ago2024 01:15:32.305] [Server thread/INFO] [net.minecraft.server.MinecraftServer/]: [Not Secure] <Bane32> que sino los fantasmas me van a hacer la vida imposible
[09ago2024 01:15:40.711] [Server thread/INFO] [net.minecraft.server.MinecraftServer/]: [Not Secure] <ladycolega> debil.
[09ago2024 01:15:43.897] [Server thread/INFO] [net.minecraft.server.MinecraftServer/]: [Not Secure] <Bane32> tengo mucho entre manos
[09ago2024 01:15:44.952] [Server thread/INFO] [net.minecraft.server.MinecraftServer/]: [Not Secure] <Lau> yo solamente vengo a construit
[09ago2024 01:15:49.700] [Server thread/INFO] [net.minecraft.server.MinecraftServer/]: [Not Secure] <colegavortexuvia> aiaia se me acaba el pico
[09ago2024 01:15:57.346] [Server thread/INFO] [net.minecraft.server.MinecraftServer/]: [Not Secure] <colegavortexuvia> el zombi con acordeon esta aquiii
[09ago2024 01:16:00.648] [Server thread/INFO] [net.minecraft.server.MinecraftServer/]: [Not Secure] <colegavortexuvia> uf uf
[09ago2024 01:16:17.664] [Server thread/INFO] [net.minecraft.server.MinecraftServer/]: [Not Secure] <Lau> duerman o fallezco
[09ago2024 01:16:55.356] [Server thread/INFO] [net.minecraft.server.MinecraftServer/]: [Not Secure] <ladycolega> miguel no se va a ir a dormir es egoista
[09ago2024 01:17:00.950] [Server thread/INFO] [net.minecraft.server.MinecraftServer/]: [Not Secure] <ladycolega> solo quiere picar y picar
[09ago2024 01:17:02.853] [Server thread/INFO] [net.minecraft.server.MinecraftServer/]: [Not Secure] <Bane32> miguel no le sabe a dormir
[09ago2024 01:17:07.604] [Server thread/INFO] [net.minecraft.server.MinecraftServer/]: [Not Secure] <Lau> duerman o bombardeo sus hogares
[09ago2024 01:17:11.399] [Server thread/INFO] [net.minecraft.server.MinecraftServer/]: [Not Secure] <colegavortexuvia> ah
[09ago2024 01:17:17.506] [Server thread/INFO] [net.minecraft.server.MinecraftServer/]: [Not Secure] <colegavortexuvia> me salgo si quereis
[09ago2024 01:17:20.900] [Server thread/INFO] [net.minecraft.server.MinecraftServer/]: [Not Secure] <ladycolega> xdddd
[09ago2024 01:17:21.812] [Server thread/INFO] [net.minecraft.server.MinecraftServer/]: [Not Secure] <Bane32> xfa
[09ago2024 01:17:22.402] [Server thread/INFO] [net.minecraft.server.MinecraftServer/]: [Not Secure] <ladycolega> friki
[09ago2024 01:17:23.650] [Server thread/INFO] [net.minecraft.server.network.ServerGamePacketListenerImpl/]: colegavortexuvia lost connection: Disconnected
[09ago2024 01:17:23.651] [Server thread/INFO] [net.minecraft.server.MinecraftServer/]: colegavortexuvia left the game
[09ago2024 01:18:13.599] [Server thread/INFO] [net.minecraft.server.MinecraftServer/]: [Not Secure] <ladycolega> ahora welvo
[09ago2024 01:18:14.779] [Server thread/INFO] [net.minecraft.server.network.ServerGamePacketListenerImpl/]: ladycolega lost connection: Disconnected
[09ago2024 01:18:14.779] [Server thread/INFO] [net.minecraft.server.MinecraftServer/]: ladycolega left the game
[09ago2024 01:18:19.738] [Server thread/INFO] [net.minecraft.server.MinecraftServer/]: Lau was slain by Bane32
[09ago2024 01:18:21.254] [Server thread/INFO] [net.minecraft.server.players.PlayerList/]: colegavortexuvia[/91.245.204.223:1281] logged in with entity id 5755592 at (-185.4130984810721, -16.0, 73.16933417439601)
[09ago2024 01:18:21.264] [Server thread/INFO] [net.minecraft.server.MinecraftServer/]: colegavortexuvia joined the game
[09ago2024 01:18:21.474] [Server thread/INFO] [Jade/]: Syncing config to colegavortexuvia (db0cfd25-7a80-3c7a-9ea5-43bb1fd97d2a)
[09ago2024 01:18:36.096] [Server thread/INFO] [net.minecraft.server.MinecraftServer/]: [Not Secure] <colegavortexuvia> malditos
[09ago2024 01:18:39.399] [Server thread/INFO] [net.minecraft.server.MinecraftServer/]: [Not Secure] <colegavortexuvia> ya no suena el acordeon
[09ago2024 01:18:43.366] [Server thread/INFO] [net.minecraft.server.MinecraftServer/]: [Not Secure] <colegavortexuvia> se acabo mi nuevo acordeon
[09ago2024 01:18:47.195] [Server thread/INFO] [net.minecraft.server.MinecraftServer/]: [Not Secure] <colegavortexuvia> espero qu ehayais dormido bien
[09ago2024 01:19:30.004] [Server thread/INFO] [net.minecraft.server.MinecraftServer/]: [Not Secure] <colegavortexuvia> dios santo donde estaria
[09ago2024 01:19:35.547] [Server thread/INFO] [net.minecraft.server.MinecraftServer/]: [Not Secure] <colegavortexuvia> me ha vuelto crazy
[09ago2024 01:19:50.856] [Server thread/WARN] [net.minecraft.server.network.ServerGamePacketListenerImpl/]: Bane32 was kicked for floating too long!
[09ago2024 01:19:50.920] [Server thread/INFO] [net.minecraft.server.network.ServerGamePacketListenerImpl/]: Bane32 lost connection: Flying is not enabled on this server
[09ago2024 01:19:50.920] [Server thread/INFO] [net.minecraft.server.MinecraftServer/]: Bane32 left the game
[09ago2024 01:20:08.112] [Server thread/INFO] [net.minecraft.server.players.PlayerList/]: Bane32[/81.202.61.216:60454] logged in with entity id 5755959 at (-53.37726195658636, 114.08343600503257, 15.984242289781744)
[09ago2024 01:20:08.123] [Server thread/INFO] [net.minecraft.server.MinecraftServer/]: Bane32 joined the game
[09ago2024 01:20:08.349] [Server thread/INFO] [Jade/]: Syncing config to Bane32 (cfc49e9e-5ba1-3949-84a4-e4e6df10f0c4)
[09ago2024 01:20:15.203] [Server thread/WARN] [net.minecraft.server.network.ServerGamePacketListenerImpl/]: Bane32 was kicked for floating too long!
[09ago2024 01:20:15.268] [Server thread/INFO] [net.minecraft.server.network.ServerGamePacketListenerImpl/]: Bane32 lost connection: Flying is not enabled on this server
[09ago2024 01:20:15.268] [Server thread/INFO] [net.minecraft.server.MinecraftServer/]: Bane32 left the game
[09ago2024 01:20:27.212] [Server thread/INFO] [net.minecraft.server.players.PlayerList/]: Bane32[/81.202.61.216:60468] logged in with entity id 5756066 at (-52.903350507823035, 101.81384778723996, 18.72145341881449)
[09ago2024 01:20:27.225] [Server thread/INFO] [net.minecraft.server.MinecraftServer/]: Bane32 joined the game
[09ago2024 01:20:27.512] [Server thread/INFO] [Jade/]: Syncing config to Bane32 (cfc49e9e-5ba1-3949-84a4-e4e6df10f0c4)
[09ago2024 01:23:33.447] [Server thread/INFO] [net.minecraft.server.MinecraftServer/]: Lau has made the advancement [Stone Age]
[09ago2024 01:25:35.898] [Server thread/INFO] [net.minecraft.server.MinecraftServer/]: Bane32 has made the advancement [Noisy Lover Soul]
[09ago2024 01:31:38.239] [Server thread/INFO] [net.minecraft.server.MinecraftServer/]: Lau was slain by Wither Skeleton
[09ago2024 01:34:33.598] [Server thread/INFO] [net.minecraft.server.MinecraftServer/]: [Not Secure] <Bane32> por donde andas exuvia
[09ago2024 01:34:35.709] [Server thread/INFO] [net.minecraft.server.MinecraftServer/]: [Not Secure] <colegavortexuvia> wawa
[09ago2024 01:34:39.056] [Server thread/INFO] [net.minecraft.server.MinecraftServer/]: [Not Secure] <colegavortexuvia> esta colega??
[09ago2024 01:34:45.696] [Server thread/INFO] [net.minecraft.server.MinecraftServer/]: [Not Secure] <Bane32> marta?
[09ago2024 01:34:49.197] [Server thread/INFO] [net.minecraft.server.MinecraftServer/]: [Not Secure] <colegavortexuvia> si
[09ago2024 01:34:52.608] [Server thread/INFO] [net.minecraft.server.MinecraftServer/]: [Not Secure] <Bane32> nose
[09ago2024 01:35:44.247] [Server thread/WARN] [net.minecraft.server.network.ServerGamePacketListenerImpl/]: Bane32 moved wrongly!
[09ago2024 01:35:51.406] [Server thread/WARN] [net.minecraft.server.network.ServerGamePacketListenerImpl/]: Bane32 moved wrongly!
[09ago2024 01:36:25.901] [Server thread/INFO] [net.minecraft.server.MinecraftServer/]: [Not Secure] <Bane32> casi te explota un creeper menos mal que lo mate
[09ago2024 01:36:34.458] [Server thread/INFO] [net.minecraft.server.MinecraftServer/]: [Not Secure] <colegavortexuvia> MMMM
[09ago2024 01:36:40.998] [Server thread/INFO] [net.minecraft.server.MinecraftServer/]: [Not Secure] <colegavortexuvia> no seri aun truco
[09ago2024 01:37:07.898] [Server thread/INFO] [net.minecraft.server.MinecraftServer/]: [Not Secure] <colegavortexuvia> AAAAAA
[09ago2024 01:39:46.447] [Server thread/INFO] [net.minecraft.server.MinecraftServer/]: [Not Secure] <colegavortexuvia> para que sirve el uranio
[09ago2024 01:40:23.348] [Server thread/INFO] [net.minecraft.server.MinecraftServer/]: [Not Secure] <colegavortexuvia> que demonios haces.
[09ago2024 01:40:35.808] [Server thread/INFO] [net.minecraft.server.MinecraftServer/]: [Not Secure] <colegavortexuvia> tendre que tener un perro guardian
[09ago2024 01:40:39.100] [Server thread/INFO] [net.minecraft.server.MinecraftServer/]: [Not Secure] <colegavortexuvia> para que ladre cuando te vea
[09ago2024 01:42:55.465] [Server thread/INFO] [net.minecraft.server.MinecraftServer/]: [Not Secure] <colegavortexuvia> para que sirve el uraniooooo
[09ago2024 01:42:58.556] [Server thread/INFO] [net.minecraft.server.MinecraftServer/]: [Not Secure] <Bane32> nose
[09ago2024 01:43:10.800] [Server thread/INFO] [net.minecraft.server.MinecraftServer/]: [Not Secure] <colegavortexuvia> como me has disparado antes T_T
[09ago2024 01:43:19.895] [Server thread/INFO] [net.minecraft.server.MinecraftServer/]: [Not Secure] <Bane32> con uranio
[09ago2024 01:43:25.796] [Server thread/INFO] [net.minecraft.server.MinecraftServer/]: [Not Secure] <Bane32> es broma, es con maná
[09ago2024 01:43:28.598] [Server thread/INFO] [net.minecraft.server.MinecraftServer/]: [Not Secure] <Bane32> es de un mod distinto
[09ago2024 01:44:13.448] [Server thread/INFO] [net.minecraft.server.MinecraftServer/]: [Not Secure] <colegavortexuvia> aha....
[09ago2024 01:44:20.901] [Server thread/INFO] [net.minecraft.server.MinecraftServer/]: [Not Secure] <Bane32> te di el libro verde no?
[09ago2024 01:44:30.402] [Server thread/INFO] [net.minecraft.server.MinecraftServer/]: [Not Secure] <Bane32> en verdad el rayo laser verde proviene de mi espada
[09ago2024 01:44:41.452] [Server thread/INFO] [net.minecraft.server.MinecraftServer/]: [Not Secure] <Bane32> es una espada que lanza rayos
[09ago2024 01:49:36.511] [Server thread/INFO] [net.minecraft.server.players.PlayerList/]: ladycolega[/92.189.202.36:49994] logged in with entity id 5764199 at (-130.48689147959027, 63.0, -121.44752207222206)
[09ago2024 01:49:36.520] [Server thread/INFO] [net.minecraft.server.MinecraftServer/]: ladycolega joined the game
[09ago2024 01:49:36.742] [Server thread/INFO] [Jade/]: Syncing config to ladycolega (67d1e1f5-e43d-31fe-abd1-06840cb68358)
[09ago2024 01:49:53.912] [Server thread/INFO] [net.minecraft.server.MinecraftServer/]: [Not Secure] <ladycolega> oye tuuu cogeme el telefono!!
[09ago2024 01:52:48.995] [Server thread/INFO] [net.minecraft.server.MinecraftServer/]: [Not Secure] <Bane32> eso
[09ago2024 01:52:55.297] [Server thread/INFO] [net.minecraft.server.MinecraftServer/]: [Not Secure] <ladycolega> ola esteben
[09ago2024 01:53:02.447] [Server thread/INFO] [net.minecraft.server.MinecraftServer/]: [Not Secure] <Bane32> ola
[09ago2024 01:53:16.902] [Server thread/INFO] [net.minecraft.server.MinecraftServer/]: [Not Secure] <ladycolega> y si emigramos para siempre
[09ago2024 01:53:22.349] [Server thread/INFO] [net.minecraft.server.MinecraftServer/]: [Not Secure] <ladycolega> juntos todos para siempre
[09ago2024 01:53:27.349] [Server thread/INFO] [net.minecraft.server.MinecraftServer/]: [Not Secure] <Bane32> emigrar adone
[09ago2024 01:53:31.449] [Server thread/INFO] [net.minecraft.server.MinecraftServer/]: [Not Secure] <ladycolega> fundamos un pueblo en un sitio mejor
[09ago2024 01:53:41.854] [Server thread/INFO] [net.minecraft.server.MinecraftServer/]: [Not Secure] <ladycolega> dkfj
[09ago2024 01:59:47.303] [Server thread/INFO] [net.minecraft.server.network.ServerGamePacketListenerImpl/]: Lau lost connection: Timed out
[09ago2024 01:59:47.304] [Server thread/INFO] [net.minecraft.server.MinecraftServer/]: Lau left the game
[09ago2024 02:00:16.551] [Server thread/INFO] [net.minecraft.server.players.PlayerList/]: Lau[/151.248.21.221:33156] logged in with entity id 5766468 at (-68.35703495054395, 81.0, 46.21245619937563)
[09ago2024 02:00:16.563] [Server thread/INFO] [net.minecraft.server.MinecraftServer/]: Lau joined the game
[09ago2024 02:00:16.752] [Server thread/INFO] [Jade/]: Syncing config to Lau (32740191-4d0f-3f64-a349-bf3aa08a9747)
[09ago2024 02:02:16.758] [Server thread/INFO] [net.minecraft.server.MinecraftServer/]: [Not Secure] <colegavortexuvia> pero
[09ago2024 02:02:17.913] [Server thread/INFO] [net.minecraft.server.MinecraftServer/]: [Not Secure] <colegavortexuvia> pero
[09ago2024 02:02:19.618] [Server thread/INFO] [net.minecraft.server.MinecraftServer/]: [Not Secure] <colegavortexuvia> pero
[09ago2024 02:02:21.417] [Server thread/WARN] [net.minecraft.server.network.ServerGamePacketListenerImpl/]: colegavortexuvia was kicked for floating too long!
[09ago2024 02:02:21.495] [Server thread/INFO] [net.minecraft.server.network.ServerGamePacketListenerImpl/]: colegavortexuvia lost connection: Flying is not enabled on this server
[09ago2024 02:02:21.495] [Server thread/INFO] [net.minecraft.server.MinecraftServer/]: colegavortexuvia left the game
[09ago2024 02:02:43.268] [Server thread/INFO] [net.minecraft.server.players.PlayerList/]: colegavortexuvia[/91.245.204.223:2019] logged in with entity id 5767505 at (-128.40746747449444, 74.00808399120302, -124.49563157662806)
[09ago2024 02:02:43.279] [Server thread/INFO] [net.minecraft.server.MinecraftServer/]: colegavortexuvia joined the game
[09ago2024 02:02:43.535] [Server thread/INFO] [Jade/]: Syncing config to colegavortexuvia (db0cfd25-7a80-3c7a-9ea5-43bb1fd97d2a)
[09ago2024 02:02:53.313] [Server thread/INFO] [net.minecraft.server.MinecraftServer/]: [Not Secure] <colegavortexuvia> mmmmmm
[09ago2024 02:02:57.366] [Server thread/INFO] [net.minecraft.server.MinecraftServer/]: [Not Secure] <colegavortexuvia> vale estoy flotando no pasa nada
[09ago2024 02:03:33.457] [Server thread/INFO] [net.minecraft.server.MinecraftServer/]: [Not Secure] <colegavortexuvia> TU
[09ago2024 02:04:27.965] [Server thread/WARN] [net.minecraft.server.network.ServerGamePacketListenerImpl/]: Lau was kicked for floating too long!
[09ago2024 02:04:28.044] [Server thread/INFO] [net.minecraft.server.network.ServerGamePacketListenerImpl/]: Lau lost connection: Flying is not enabled on this server
[09ago2024 02:04:28.044] [Server thread/INFO] [net.minecraft.server.MinecraftServer/]: Lau left the game
[09ago2024 02:04:46.417] [Server thread/INFO] [net.minecraft.server.players.PlayerList/]: Lau[/151.248.21.221:33087] logged in with entity id 5768412 at (-79.24549881814148, 85.91771226539079, 60.09517843750059)
[09ago2024 02:04:46.430] [Server thread/INFO] [net.minecraft.server.MinecraftServer/]: Lau joined the game
[09ago2024 02:04:46.639] [Server thread/INFO] [Jade/]: Syncing config to Lau (32740191-4d0f-3f64-a349-bf3aa08a9747)
[09ago2024 02:05:06.715] [Server thread/INFO] [net.minecraft.server.MinecraftServer/]: [Not Secure] <Bane32> marta donde estas
[09ago2024 02:05:11.809] [Server thread/INFO] [net.minecraft.server.MinecraftServer/]: [Not Secure] <ladycolega> buscando ovejas
[09ago2024 02:05:13.961] [Server thread/INFO] [net.minecraft.server.MinecraftServer/]: [Not Secure] <ladycolega> por
[09ago2024 02:05:16.668] [Server thread/INFO] [net.minecraft.server.MinecraftServer/]: [Not Secure] <ladycolega> me quieres joder
[09ago2024 02:05:24.860] [Server thread/INFO] [net.minecraft.server.MinecraftServer/]: [Not Secure] <Bane32> espera te traigo una
[09ago2024 02:05:33.911] [Server thread/INFO] [net.minecraft.server.MinecraftServer/]: [Not Secure] <ladycolega> a es vd que tu tienes
[09ago2024 02:07:41.597] [Server thread/INFO] [net.minecraft.server.MinecraftServer/]: [Not Secure] <ladycolega> jeje
[09ago2024 02:07:49.960] [Server thread/INFO] [net.minecraft.server.MinecraftServer/]: [Not Secure] <ladycolega> ola
[09ago2024 02:07:53.248] [Server thread/INFO] [net.minecraft.server.MinecraftServer/]: [Not Secure] <Bane32> esto es propiedad privada
[09ago2024 02:07:58.752] [Server thread/INFO] [net.minecraft.server.MinecraftServer/]: [Not Secure] <ladycolega> solo queria lana perdon
[09ago2024 02:08:03.707] [Server thread/INFO] [net.minecraft.server.MinecraftServer/]: [Not Secure] <Bane32> voy a aplicar la máxima pena por traspasarla
[09ago2024 02:08:06.346] [Server thread/INFO] [net.minecraft.server.MinecraftServer/]: [Not Secure] <ladycolega> me voy de aqui a buscar un lugar mejor.
[09ago2024 02:08:08.596] [Server thread/INFO] [net.minecraft.server.MinecraftServer/]: [Not Secure] <Bane32> te sentencio
[09ago2024 02:08:10.011] [Server thread/INFO] [net.minecraft.server.MinecraftServer/]: [Not Secure] <ladycolega> oye oyeeeee
[09ago2024 02:08:11.656] [Server thread/INFO] [net.minecraft.server.MinecraftServer/]: [Not Secure] <Bane32> a
[09ago2024 02:08:12.302] [Server thread/INFO] [net.minecraft.server.MinecraftServer/]: [Not Secure] <ladycolega> noOoOoO
[09ago2024 02:08:21.949] [Server thread/INFO] [net.minecraft.server.MinecraftServer/]: [Not Secure] <Bane32> una visitica al dueño del server
[09ago2024 02:08:27.148] [Server thread/INFO] [net.minecraft.server.MinecraftServer/]: [Not Secure] <ladycolega> a
[09ago2024 02:08:34.705] [Server thread/INFO] [net.minecraft.server.MinecraftServer/]: [Not Secure] <ladycolega> PERO ME DIHISTE QUE ME DABAS OVEJA
[09ago2024 02:08:38.251] [Server thread/INFO] [net.minecraft.server.MinecraftServer/]: [Not Secure] <ladycolega> YO SOLO QUERIA LANA
[09ago2024 02:08:42.145] [Server thread/WARN] [net.minecraft.server.network.ServerGamePacketListenerImpl/]: ladycolega was kicked for floating too long!
[09ago2024 02:08:42.218] [Server thread/INFO] [net.minecraft.server.network.ServerGamePacketListenerImpl/]: ladycolega lost connection: Flying is not enabled on this server
[09ago2024 02:08:42.218] [Server thread/INFO] [net.minecraft.server.MinecraftServer/]: ladycolega left the game
[09ago2024 02:09:24.900] [Server thread/INFO] [net.minecraft.server.network.ServerLoginPacketListenerImpl/]: com.mojang.authlib.GameProfile@3e24cfc9[id=<null>,name=ladycolega,properties={},legacy=false] (/92.189.202.36:50156) lost connection: Disconnected
[09ago2024 02:09:36.161] [Server thread/INFO] [net.minecraft.server.players.PlayerList/]: ladycolega[/92.189.202.36:50176] logged in with entity id 5770077 at (-71.0354001160195, 85.55461201022294, -2.3892775814436265)
[09ago2024 02:09:36.173] [Server thread/INFO] [net.minecraft.server.MinecraftServer/]: ladycolega joined the game
[09ago2024 02:09:36.396] [Server thread/INFO] [Jade/]: Syncing config to ladycolega (67d1e1f5-e43d-31fe-abd1-06840cb68358)
[09ago2024 02:09:47.746] [Server thread/INFO] [net.minecraft.server.MinecraftServer/]: [Not Secure] <ladycolega> bu
[09ago2024 02:09:51.599] [Server thread/INFO] [net.minecraft.server.MinecraftServer/]: [Not Secure] <ladycolega> k miedo
[09ago2024 02:10:01.251] [Server thread/INFO] [net.minecraft.server.MinecraftServer/]: [Not Secure] <ladycolega> esteban eres malvado macabro
[09ago2024 02:10:05.352] [Server thread/INFO] [net.minecraft.server.MinecraftServer/]: [Not Secure] <Bane32> coge toda la lana que quieras
[09ago2024 02:10:07.257] [Server thread/INFO] [net.minecraft.server.MinecraftServer/]: [Not Secure] <Bane32> ya me reí
[09ago2024 02:10:16.497] [Server thread/INFO] [net.minecraft.server.MinecraftServer/]: [Not Secure] <Bane32> sin matarlas a poder ser
[09ago2024 02:10:27.361] [Server thread/INFO] [net.minecraft.server.MinecraftServer/]: [Not Secure] <ladycolega> jeje gracias no les hare nada soy una hervibora como ellas
[09ago2024 02:10:32.501] [Server thread/INFO] [net.minecraft.server.MinecraftServer/]: [Not Secure] <ladycolega> iwalmente ya tengo gracias
[09ago2024 02:10:37.605] [Server thread/INFO] [net.minecraft.server.MinecraftServer/]: [Not Secure] <ladycolega> bendiciones
[09ago2024 02:17:49.456] [Server thread/INFO] [net.minecraft.server.MinecraftServer/]: Lau has made the advancement [We Need to Go Deeper]
[09ago2024 02:18:38.670] [Server thread/INFO] [net.minecraft.server.network.ServerGamePacketListenerImpl/]: Lau lost connection: Timed out
[09ago2024 02:18:38.671] [Server thread/INFO] [net.minecraft.server.MinecraftServer/]: Lau left the game
[09ago2024 02:18:57.831] [Server thread/INFO] [net.minecraft.server.MinecraftServer/]: [Not Secure] <Bane32> acabo de meter a lau en el portal
[09ago2024 02:18:58.513] [Server thread/INFO] [net.minecraft.server.players.PlayerList/]: Lau[/151.248.21.221:33083] logged in with entity id 5772604 at (-71.5, 81.0, 41.812368006089784)
[09ago2024 02:18:58.525] [Server thread/INFO] [net.minecraft.server.MinecraftServer/]: Lau joined the game
[09ago2024 02:18:58.723] [Server thread/INFO] [Jade/]: Syncing config to Lau (32740191-4d0f-3f64-a349-bf3aa08a9747)
[09ago2024 02:19:01.964] [Server thread/INFO] [net.minecraft.server.MinecraftServer/]: [Not Secure] <Bane32> usando el palo ese
[09ago2024 02:20:59.160] [Server thread/INFO] [net.minecraft.server.network.ServerGamePacketListenerImpl/]: Bane32 lost connection: Disconnected
[09ago2024 02:20:59.160] [Server thread/INFO] [net.minecraft.server.MinecraftServer/]: Bane32 left the game
[09ago2024 02:23:45.087] [Server thread/WARN] [net.minecraft.server.MinecraftServer/]: Can't keep up! Is the server overloaded? Running 2019ms or 40 ticks behind
[09ago2024 02:24:11.154] [Server thread/WARN] [net.minecraft.server.MinecraftServer/]: Can't keep up! Is the server overloaded? Running 2036ms or 40 ticks behind
[09ago2024 02:24:32.406] [Server thread/WARN] [net.minecraft.server.MinecraftServer/]: Can't keep up! Is the server overloaded? Running 6288ms or 125 ticks behind
[09ago2024 02:24:53.186] [Server thread/WARN] [net.minecraft.server.MinecraftServer/]: Can't keep up! Is the server overloaded? Running 5818ms or 116 ticks behind
[09ago2024 02:24:58.820] [Server thread/INFO] [net.minecraft.server.MinecraftServer/]: ladycolega has made the advancement [Smoke On The Water]
[09ago2024 02:24:59.052] [Server thread/INFO] [net.minecraft.server.MinecraftServer/]: colegavortexuvia has made the advancement [Smoke On The Water]
[09ago2024 02:25:13.082] [Server thread/WARN] [net.minecraft.server.MinecraftServer/]: Can't keep up! Is the server overloaded? Running 4914ms or 98 ticks behind
[09ago2024 02:25:33.855] [Server thread/WARN] [net.minecraft.server.MinecraftServer/]: Can't keep up! Is the server overloaded? Running 5788ms or 115 ticks behind
[09ago2024 02:25:55.215] [Server thread/WARN] [net.minecraft.server.MinecraftServer/]: Can't keep up! Is the server overloaded? Running 6397ms or 127 ticks behind
[09ago2024 02:26:18.488] [Server thread/WARN] [net.minecraft.server.MinecraftServer/]: Can't keep up! Is the server overloaded? Running 8320ms or 166 ticks behind
[09ago2024 02:30:12.796] [Server thread/INFO] [net.minecraft.server.MinecraftServer/]: [Not Secure] <ladycolega> momir??
[09ago2024 02:30:25.051] [Server thread/INFO] [net.minecraft.server.MinecraftServer/]: [Not Secure] <colegavortexuvia> momi uwu
[09ago2024 02:30:58.594] [Server thread/INFO] [net.minecraft.server.MinecraftServer/]: colegavortexuvia has made the advancement [An Ancient Tomb]
[09ago2024 02:31:04.490] [Server thread/INFO] [net.minecraft.server.MinecraftServer/]: ladycolega has made the advancement [An Ancient Tomb]
[09ago2024 02:41:23.800] [Server thread/INFO] [net.minecraft.server.network.ServerGamePacketListenerImpl/]: Lau lost connection: Disconnected
[09ago2024 02:41:23.806] [Server thread/INFO] [net.minecraft.server.MinecraftServer/]: Lau left the game
[09ago2024 02:48:02.741] [Server thread/INFO] [net.minecraft.server.MinecraftServer/]: ladycolega has made the advancement [Best Friends Forever]
[09ago2024 02:50:30.738] [Server thread/INFO] [net.minecraft.server.MinecraftServer/]: colegavortexuvia has made the advancement [Best Friends Forever]
[09ago2024 02:58:09.446] [Server thread/INFO] [net.minecraft.server.MinecraftServer/]: colegavortexuvia has made the advancement [An Extra Seedy Place]
[09ago2024 03:01:22.741] [Server thread/INFO] [net.minecraft.world.entity.npc.Villager/]: Villager Villager['Unemployed'/5788329, l='ServerLevel[world]', x=-843.25, y=80.50, z=1608.56] died, message: 'Unemployed hit the ground too hard'
[09ago2024 03:03:22.355] [Server thread/INFO] [net.minecraft.server.players.PlayerList/]: SunnyWeeny[/80.29.33.153:61740] logged in with entity id 5791299 at (-1977.2967842174432, 45.0, 1023.329192331094)
[09ago2024 03:03:22.368] [Server thread/INFO] [net.minecraft.server.MinecraftServer/]: SunnyWeeny joined the game
[09ago2024 03:03:22.400] [Server thread/INFO] [Jade/]: Syncing config to SunnyWeeny (e9569ae6-0bab-3f50-803a-eb455be11bd4)
[09ago2024 03:03:25.228] [Server thread/INFO] [net.minecraft.server.players.PlayerList/]: Alintvnr[/80.29.33.153:62849] logged in with entity id 5791317 at (-1978.4366677003397, 45.0, 1020.7355696847809)
[09ago2024 03:03:25.239] [Server thread/INFO] [net.minecraft.server.MinecraftServer/]: Alintvnr joined the game
[09ago2024 03:03:25.271] [Server thread/INFO] [Jade/]: Syncing config to Alintvnr (d127184c-4b59-383d-9783-28c9b413d263)
[09ago2024 03:03:50.674] [Server thread/INFO] [net.minecraft.server.MinecraftServer/]: [Not Secure] <Alintvnr> hola amigos
[09ago2024 03:03:54.679] [Server thread/INFO] [net.minecraft.server.MinecraftServer/]: [Not Secure] <ladycolega> ola!!
[09ago2024 03:04:06.370] [Server thread/INFO] [net.minecraft.server.MinecraftServer/]: [Not Secure] <SunnyWeeny> buenas, camaradas
[09ago2024 03:08:13.967] [Server thread/INFO] [net.minecraft.server.MinecraftServer/]: [Not Secure] <colegavortexuvia> ola zz
[09ago2024 03:08:27.711] [Server thread/INFO] [net.minecraft.server.MinecraftServer/]: [Not Secure] <SunnyWeeny> zzzzzz
[09ago2024 03:08:31.086] [Server thread/INFO] [net.minecraft.server.MinecraftServer/]: [Not Secure] <ladycolega> ZZzz
[09ago2024 03:08:33.167] [Server thread/INFO] [net.minecraft.server.MinecraftServer/]: [Not Secure] <Alintvnr> honk shoo
[09ago2024 03:08:35.567] [Server thread/INFO] [net.minecraft.server.MinecraftServer/]: [Not Secure] <colegavortexuvia> yupi buenos dias
[09ago2024 03:10:45.719] [Server thread/WARN] [net.minecraft.server.MinecraftServer/]: Can't keep up! Is the server overloaded? Running 2002ms or 40 ticks behind
[09ago2024 03:11:03.140] [Server thread/WARN] [net.minecraft.server.MinecraftServer/]: Can't keep up! Is the server overloaded? Running 2422ms or 48 ticks behind
[09ago2024 03:11:21.188] [Server thread/WARN] [net.minecraft.server.MinecraftServer/]: Can't keep up! Is the server overloaded? Running 3070ms or 61 ticks behind
[09ago2024 03:11:38.516] [Server thread/WARN] [net.minecraft.server.MinecraftServer/]: Can't keep up! Is the server overloaded? Running 2348ms or 46 ticks behind
[09ago2024 03:11:57.255] [Server thread/WARN] [net.minecraft.server.MinecraftServer/]: Can't keep up! Is the server overloaded? Running 3787ms or 75 ticks behind
[09ago2024 03:12:15.596] [Server thread/WARN] [net.minecraft.server.MinecraftServer/]: Can't keep up! Is the server overloaded? Running 3379ms or 67 ticks behind
[09ago2024 03:12:35.657] [Server thread/WARN] [net.minecraft.server.MinecraftServer/]: Can't keep up! Is the server overloaded? Running 5090ms or 101 ticks behind
[09ago2024 03:12:54.835] [Server thread/WARN] [net.minecraft.server.MinecraftServer/]: Can't keep up! Is the server overloaded? Running 4217ms or 84 ticks behind
[09ago2024 03:13:14.195] [Server thread/WARN] [net.minecraft.server.MinecraftServer/]: Can't keep up! Is the server overloaded? Running 4377ms or 87 ticks behind
[09ago2024 03:13:33.041] [Server thread/WARN] [net.minecraft.server.MinecraftServer/]: Can't keep up! Is the server overloaded? Running 3874ms or 77 ticks behind
[09ago2024 03:14:29.866] [Server thread/INFO] [net.minecraft.server.network.ServerGamePacketListenerImpl/]: colegavortexuvia lost connection: Disconnected
[09ago2024 03:14:29.866] [Server thread/INFO] [net.minecraft.server.MinecraftServer/]: colegavortexuvia left the game
[09ago2024 03:14:29.881] [Server thread/INFO] [net.minecraft.server.network.ServerGamePacketListenerImpl/]: ladycolega lost connection: Disconnected
[09ago2024 03:14:29.881] [Server thread/INFO] [net.minecraft.server.MinecraftServer/]: ladycolega left the game
[09ago2024 03:14:29.893] [Server thread/INFO] [net.minecraft.server.network.ServerGamePacketListenerImpl/]: SunnyWeeny lost connection: Disconnected
[09ago2024 03:14:29.893] [Server thread/INFO] [net.minecraft.server.MinecraftServer/]: SunnyWeeny left the game
[09ago2024 03:14:29.914] [Server thread/INFO] [net.minecraft.server.network.ServerGamePacketListenerImpl/]: Alintvnr lost connection: Disconnected
[09ago2024 03:14:29.914] [Server thread/INFO] [net.minecraft.server.MinecraftServer/]: Alintvnr left the game
[09ago2024 03:14:32.112] [Server thread/WARN] [net.minecraft.server.MinecraftServer/]: Can't keep up! Is the server overloaded? Running 44094ms or 881 ticks behind
[09ago2024 03:14:39.058] [Server thread/INFO] [net.minecraft.server.players.PlayerList/]: ladycolega[/92.189.202.36:50760] logged in with entity id 5837996 at (-1170.1175462821848, 65.0, 1897.686331140549)
[09ago2024 03:14:39.070] [Server thread/INFO] [net.minecraft.server.MinecraftServer/]: ladycolega joined the game
[09ago2024 03:14:39.161] [Server thread/INFO] [Jade/]: Syncing config to ladycolega (67d1e1f5-e43d-31fe-abd1-06840cb68358)
[09ago2024 03:14:40.595] [Server thread/INFO] [net.minecraft.server.players.PlayerList/]: colegavortexuvia[/91.245.204.223:1081] logged in with entity id 5841273 at (-1073.0202932696338, 65.0, 1836.0071561400325)
[09ago2024 03:14:40.609] [Server thread/INFO] [net.minecraft.server.MinecraftServer/]: colegavortexuvia joined the game
[09ago2024 03:14:40.721] [Server thread/INFO] [Jade/]: Syncing config to colegavortexuvia (db0cfd25-7a80-3c7a-9ea5-43bb1fd97d2a)
[09ago2024 03:14:54.576] [Server thread/INFO] [net.minecraft.server.players.PlayerList/]: Alintvnr[/80.29.33.153:62895] logged in with entity id 5900762 at (-6153.959989824459, 3.0, 5570.660920068478)
[09ago2024 03:14:54.591] [Server thread/INFO] [net.minecraft.server.MinecraftServer/]: Alintvnr joined the game
[09ago2024 03:14:54.658] [Server thread/INFO] [Jade/]: Syncing config to Alintvnr (d127184c-4b59-383d-9783-28c9b413d263)
[09ago2024 03:14:57.763] [Server thread/INFO] [net.minecraft.server.players.PlayerList/]: SunnyWeeny[/80.29.33.153:61849] logged in with entity id 5902487 at (-771.6493777028228, 95.0, 675.8434737763051)
[09ago2024 03:14:57.777] [Server thread/INFO] [net.minecraft.server.MinecraftServer/]: SunnyWeeny joined the game
[09ago2024 03:14:57.837] [Server thread/INFO] [Jade/]: Syncing config to SunnyWeeny (e9569ae6-0bab-3f50-803a-eb455be11bd4)
[09ago2024 03:14:58.066] [Server thread/WARN] [net.minecraft.server.MinecraftServer/]: Can't keep up! Is the server overloaded? Running 2049ms or 40 ticks behind
[09ago2024 03:15:22.764] [Server thread/WARN] [net.minecraft.server.MinecraftServer/]: Can't keep up! Is the server overloaded? Running 9746ms or 194 ticks behind
[09ago2024 03:15:43.875] [Server thread/WARN] [net.minecraft.server.MinecraftServer/]: Can't keep up! Is the server overloaded? Running 6157ms or 123 ticks behind
[09ago2024 03:16:05.497] [Server thread/WARN] [net.minecraft.server.MinecraftServer/]: Can't keep up! Is the server overloaded? Running 6629ms or 132 ticks behind
[09ago2024 03:16:28.320] [Server thread/WARN] [net.minecraft.server.MinecraftServer/]: Can't keep up! Is the server overloaded? Running 7852ms or 157 ticks behind
[09ago2024 03:16:49.186] [Server thread/WARN] [net.minecraft.server.MinecraftServer/]: Can't keep up! Is the server overloaded? Running 5868ms or 117 ticks behind
[09ago2024 03:17:10.672] [Server thread/WARN] [net.minecraft.server.MinecraftServer/]: Can't keep up! Is the server overloaded? Running 6504ms or 130 ticks behind
[09ago2024 03:17:31.909] [Server thread/WARN] [net.minecraft.server.MinecraftServer/]: Can't keep up! Is the server overloaded? Running 6242ms or 124 ticks behind
[09ago2024 03:17:54.823] [Server thread/WARN] [net.minecraft.server.MinecraftServer/]: Can't keep up! Is the server overloaded? Running 7955ms or 159 ticks behind
[09ago2024 03:18:15.901] [Server thread/WARN] [net.minecraft.server.MinecraftServer/]: Can't keep up! Is the server overloaded? Running 6083ms or 121 ticks behind
[09ago2024 03:18:42.426] [Server thread/WARN] [net.minecraft.server.MinecraftServer/]: Can't keep up! Is the server overloaded? Running 11558ms or 231 ticks behind
[09ago2024 03:19:07.236] [Server thread/WARN] [net.minecraft.server.MinecraftServer/]: Can't keep up! Is the server overloaded? Running 9818ms or 196 ticks behind
[09ago2024 03:19:28.957] [Server thread/WARN] [net.minecraft.server.MinecraftServer/]: Can't keep up! Is the server overloaded? Running 6740ms or 134 ticks behind
[09ago2024 03:19:48.057] [Server thread/WARN] [net.minecraft.server.MinecraftServer/]: Can't keep up! Is the server overloaded? Running 4140ms or 82 ticks behind
[09ago2024 03:20:07.710] [Server thread/WARN] [net.minecraft.server.MinecraftServer/]: Can't keep up! Is the server overloaded? Running 4692ms or 93 ticks behind
[09ago2024 03:20:26.939] [Server thread/WARN] [net.minecraft.server.MinecraftServer/]: Can't keep up! Is the server overloaded? Running 4271ms or 85 ticks behind
[09ago2024 03:20:45.850] [Server thread/WARN] [net.minecraft.server.MinecraftServer/]: Can't keep up! Is the server overloaded? Running 3932ms or 78 ticks behind
[09ago2024 03:21:04.978] [Server thread/WARN] [net.minecraft.server.MinecraftServer/]: Can't keep up! Is the server overloaded? Running 4160ms or 83 ticks behind
[09ago2024 03:21:24.427] [Server thread/WARN] [net.minecraft.server.MinecraftServer/]: Can't keep up! Is the server overloaded? Running 4459ms or 89 ticks behind
[09ago2024 03:21:42.226] [Server thread/WARN] [net.minecraft.server.MinecraftServer/]: Can't keep up! Is the server overloaded? Running 2809ms or 56 ticks behind
[09ago2024 03:21:59.597] [Server thread/WARN] [net.minecraft.server.MinecraftServer/]: Can't keep up! Is the server overloaded? Running 2379ms or 47 ticks behind
[09ago2024 03:22:16.924] [Server thread/WARN] [net.minecraft.server.MinecraftServer/]: Can't keep up! Is the server overloaded? Running 2356ms or 47 ticks behind
[09ago2024 03:22:34.449] [Server thread/WARN] [net.minecraft.server.MinecraftServer/]: Can't keep up! Is the server overloaded? Running 2532ms or 50 ticks behind
[09ago2024 03:22:52.235] [Server thread/WARN] [net.minecraft.server.MinecraftServer/]: Can't keep up! Is the server overloaded? Running 2818ms or 56 ticks behind
[09ago2024 03:23:09.985] [Server thread/WARN] [net.minecraft.server.MinecraftServer/]: Can't keep up! Is the server overloaded? Running 2768ms or 55 ticks behind
[09ago2024 03:23:18.222] [Server thread/INFO] [net.minecraft.server.MinecraftServer/]: [Not Secure] <SunnyWeeny> voy
[09ago2024 03:23:27.194] [Server thread/WARN] [net.minecraft.server.MinecraftServer/]: Can't keep up! Is the server overloaded? Running 2226ms or 44 ticks behind
[09ago2024 03:23:45.756] [Server thread/WARN] [net.minecraft.server.MinecraftServer/]: Can't keep up! Is the server overloaded? Running 3589ms or 71 ticks behind
[09ago2024 03:24:03.252] [Server thread/WARN] [net.minecraft.server.MinecraftServer/]: Can't keep up! Is the server overloaded? Running 2535ms or 50 ticks behind
[09ago2024 03:24:07.222] [Server thread/WARN] [net.minecraft.server.network.ServerGamePacketListenerImpl/]: Alintvnr moved too quickly! 5567.4514088066335,89.07840000152588,-4905.027933622488
[09ago2024 03:24:24.585] [Server thread/WARN] [net.minecraft.server.MinecraftServer/]: Can't keep up! Is the server overloaded? Running 6367ms or 127 ticks behind
[09ago2024 03:24:34.493] [Server thread/INFO] [net.minecraft.server.MinecraftServer/]: [Not Secure] <SunnyWeeny> zzzz
[09ago2024 03:24:40.600] [Server thread/INFO] [net.minecraft.server.MinecraftServer/]: [Not Secure] <ladycolega> ZzZzZzZZ
[09ago2024 03:24:44.249] [Server thread/INFO] [net.minecraft.server.MinecraftServer/]: [Not Secure] <Alintvnr> zzzzzzzz
[09ago2024 03:24:50.911] [Server thread/INFO] [net.minecraft.server.MinecraftServer/]: [Not Secure] <SunnyWeeny> zzzzzzz
[09ago2024 03:24:53.013] [Server thread/INFO] [net.minecraft.server.MinecraftServer/]: [Not Secure] <Alintvnr> zzzzzz
[09ago2024 03:24:53.656] [Server thread/INFO] [net.minecraft.server.MinecraftServer/]: [Not Secure] <Alintvnr> z
[09ago2024 03:24:53.793] [Server thread/INFO] [net.minecraft.server.MinecraftServer/]: [Not Secure] <Alintvnr> z
[09ago2024 03:24:54.003] [Server thread/INFO] [net.minecraft.server.MinecraftServer/]: [Not Secure] <Alintvnr> z
[09ago2024 03:24:54.352] [Server thread/INFO] [net.minecraft.server.MinecraftServer/]: [Not Secure] <Alintvnr> z
[09ago2024 03:24:54.595] [Server thread/INFO] [net.minecraft.server.MinecraftServer/]: [Not Secure] <Alintvnr> z
[09ago2024 03:24:54.839] [Server thread/INFO] [net.minecraft.server.MinecraftServer/]: [Not Secure] <Alintvnr> z
[09ago2024 03:24:58.514] [Server thread/INFO] [net.minecraft.server.MinecraftServer/]: [Not Secure] <ladycolega> zzzzzzzzzzzzzzzzzzzzz
[09ago2024 03:25:14.360] [Server thread/INFO] [net.minecraft.server.MinecraftServer/]: [Not Secure] <SunnyWeeny> colegavortex zzzzzzzzzzzzzzzzzz
[09ago2024 03:25:18.965] [Server thread/INFO] [net.minecraft.server.MinecraftServer/]: [Not Secure] <ladycolega> dfdsdfs
[09ago2024 03:25:20.809] [Server thread/INFO] [net.minecraft.server.MinecraftServer/]: [Not Secure] <Alintvnr> amigo colega
[09ago2024 03:26:22.320] [Server thread/WARN] [net.minecraft.server.MinecraftServer/]: Can't keep up! Is the server overloaded? Running 2003ms or 40 ticks behind
[09ago2024 03:26:40.650] [Server thread/WARN] [net.minecraft.server.MinecraftServer/]: Can't keep up! Is the server overloaded? Running 3332ms or 66 ticks behind
[09ago2024 03:26:58.444] [Server thread/WARN] [net.minecraft.server.MinecraftServer/]: Can't keep up! Is the server overloaded? Running 2827ms or 56 ticks behind
[09ago2024 03:27:16.268] [Server thread/WARN] [net.minecraft.server.MinecraftServer/]: Can't keep up! Is the server overloaded? Running 2850ms or 57 ticks behind
[09ago2024 03:27:34.212] [Server thread/WARN] [net.minecraft.server.MinecraftServer/]: Can't keep up! Is the server overloaded? Running 2945ms or 58 ticks behind
[09ago2024 03:27:52.695] [Server thread/WARN] [net.minecraft.server.MinecraftServer/]: Can't keep up! Is the server overloaded? Running 3528ms or 70 ticks behind
[09ago2024 03:28:10.171] [Server thread/WARN] [net.minecraft.server.MinecraftServer/]: Can't keep up! Is the server overloaded? Running 2504ms or 50 ticks behind
[09ago2024 03:28:27.946] [Server thread/WARN] [net.minecraft.server.MinecraftServer/]: Can't keep up! Is the server overloaded? Running 2779ms or 55 ticks behind
[09ago2024 03:28:44.046] [Server thread/INFO] [net.minecraft.server.network.ServerGamePacketListenerImpl/]: colegavortexuvia lost connection: Disconnected
[09ago2024 03:28:44.047] [Server thread/INFO] [net.minecraft.server.MinecraftServer/]: colegavortexuvia left the game
[09ago2024 03:28:46.197] [Server thread/WARN] [net.minecraft.server.MinecraftServer/]: Can't keep up! Is the server overloaded? Running 3280ms or 65 ticks behind
[09ago2024 03:29:04.243] [Server thread/WARN] [net.minecraft.server.MinecraftServer/]: Can't keep up! Is the server overloaded? Running 3075ms or 61 ticks behind
[09ago2024 03:29:22.437] [Server thread/WARN] [net.minecraft.server.MinecraftServer/]: Can't keep up! Is the server overloaded? Running 3220ms or 64 ticks behind
[09ago2024 03:29:40.358] [Server thread/WARN] [net.minecraft.server.MinecraftServer/]: Can't keep up! Is the server overloaded? Running 2941ms or 58 ticks behind
[09ago2024 03:29:46.419] [Server thread/INFO] [net.minecraft.server.players.PlayerList/]: colegavortexuvia[/91.245.204.223:1425] logged in with entity id 5910487 at (-1325.699999988079, 71.0, 1802.699999988079)
[09ago2024 03:29:46.431] [Server thread/INFO] [net.minecraft.server.MinecraftServer/]: colegavortexuvia joined the game
[09ago2024 03:29:46.732] [Server thread/INFO] [Jade/]: Syncing config to colegavortexuvia (db0cfd25-7a80-3c7a-9ea5-43bb1fd97d2a)
[09ago2024 03:29:52.920] [Server thread/INFO] [net.minecraft.server.network.ServerGamePacketListenerImpl/]: colegavortexuvia lost connection: Disconnected
[09ago2024 03:29:52.920] [Server thread/INFO] [net.minecraft.server.MinecraftServer/]: colegavortexuvia left the game
[09ago2024 03:29:58.779] [Server thread/WARN] [net.minecraft.server.MinecraftServer/]: Can't keep up! Is the server overloaded? Running 3461ms or 69 ticks behind
[09ago2024 03:30:16.838] [Server thread/WARN] [net.minecraft.server.MinecraftServer/]: Can't keep up! Is the server overloaded? Running 3070ms or 61 ticks behind
[09ago2024 03:30:28.846] [Server thread/INFO] [net.minecraft.server.players.PlayerList/]: colegavortexuvia[/91.245.204.223:1455] logged in with entity id 5910812 at (-1325.699999988079, 71.0, 1802.699999988079)
[09ago2024 03:30:28.856] [Server thread/INFO] [net.minecraft.server.MinecraftServer/]: colegavortexuvia joined the game
[09ago2024 03:30:29.158] [Server thread/INFO] [Jade/]: Syncing config to colegavortexuvia (db0cfd25-7a80-3c7a-9ea5-43bb1fd97d2a)
[09ago2024 03:30:36.482] [Server thread/WARN] [net.minecraft.server.MinecraftServer/]: Can't keep up! Is the server overloaded? Running 4664ms or 93 ticks behind
[09ago2024 03:30:58.700] [Server thread/WARN] [net.minecraft.server.MinecraftServer/]: Can't keep up! Is the server overloaded? Running 7232ms or 144 ticks behind
[09ago2024 03:31:18.498] [Server thread/WARN] [net.minecraft.server.MinecraftServer/]: Can't keep up! Is the server overloaded? Running 4830ms or 96 ticks behind
[09ago2024 03:31:40.108] [Server thread/WARN] [net.minecraft.server.MinecraftServer/]: Can't keep up! Is the server overloaded? Running 6640ms or 132 ticks behind
[09ago2024 03:32:00.059] [Server thread/WARN] [net.minecraft.server.MinecraftServer/]: Can't keep up! Is the server overloaded? Running 4991ms or 99 ticks behind
[09ago2024 03:32:18.678] [Server thread/WARN] [net.minecraft.server.MinecraftServer/]: Can't keep up! Is the server overloaded? Running 3660ms or 73 ticks behind
[09ago2024 03:32:36.133] [Server thread/WARN] [net.minecraft.server.MinecraftServer/]: Can't keep up! Is the server overloaded? Running 2465ms or 49 ticks behind
[09ago2024 03:32:55.567] [Server thread/WARN] [net.minecraft.server.MinecraftServer/]: Can't keep up! Is the server overloaded? Running 4449ms or 88 ticks behind
[09ago2024 03:33:17.905] [Server thread/WARN] [net.minecraft.server.MinecraftServer/]: Can't keep up! Is the server overloaded? Running 7388ms or 147 ticks behind
[09ago2024 03:33:37.144] [Server thread/WARN] [net.minecraft.server.MinecraftServer/]: Can't keep up! Is the server overloaded? Running 4277ms or 85 ticks behind
[09ago2024 03:34:03.191] [Server thread/WARN] [net.minecraft.server.MinecraftServer/]: Can't keep up! Is the server overloaded? Running 11074ms or 221 ticks behind
[09ago2024 03:34:29.316] [Server thread/WARN] [net.minecraft.server.MinecraftServer/]: Can't keep up! Is the server overloaded? Running 11149ms or 222 ticks behind
[09ago2024 03:34:46.598] [Server thread/WARN] [net.minecraft.server.MinecraftServer/]: Can't keep up! Is the server overloaded? Running 2330ms or 46 ticks behind
[09ago2024 03:35:04.265] [Server thread/WARN] [net.minecraft.server.MinecraftServer/]: Can't keep up! Is the server overloaded? Running 2697ms or 53 ticks behind
[09ago2024 03:35:22.746] [Server thread/WARN] [net.minecraft.server.MinecraftServer/]: Can't keep up! Is the server overloaded? Running 2378ms or 47 ticks behind
[09ago2024 03:35:39.895] [Server thread/WARN] [net.minecraft.server.MinecraftServer/]: Can't keep up! Is the server overloaded? Running 2178ms or 43 ticks behind
[09ago2024 03:35:57.695] [Server thread/WARN] [net.minecraft.server.MinecraftServer/]: Can't keep up! Is the server overloaded? Running 2828ms or 56 ticks behind
[09ago2024 03:37:04.039] [Server thread/WARN] [net.minecraft.server.network.ServerGamePacketListenerImpl/]: colegavortexuvia moved too quickly! -10.180878942367144,0.0,0.9308754128919645
[09ago2024 03:37:04.045] [Server thread/WARN] [net.minecraft.server.network.ServerGamePacketListenerImpl/]: ladycolega moved too quickly! -0.942764666356652,0.0,-9.975392047825608
[09ago2024 03:37:04.060] [Server thread/WARN] [net.minecraft.server.MinecraftServer/]: Can't keep up! Is the server overloaded? Running 4343ms or 86 ticks behind
[09ago2024 03:38:53.221] [Server thread/WARN] [net.minecraft.server.MinecraftServer/]: Can't keep up! Is the server overloaded? Running 2154ms or 43 ticks behind
[09ago2024 03:43:02.565] [Server thread/INFO] [net.minecraft.server.MinecraftServer/]: [Not Secure] <colegavortexuvia> ZZZ?
[09ago2024 03:43:30.507] [Server thread/INFO] [net.minecraft.server.MinecraftServer/]: [Not Secure] <colegavortexuvia> hemos perdido nuestras camas de excursion
[09ago2024 03:43:34.263] [Server thread/INFO] [net.minecraft.server.network.ServerGamePacketListenerImpl/]: ladycolega lost connection: Disconnected
[09ago2024 03:43:34.263] [Server thread/INFO] [net.minecraft.server.MinecraftServer/]: ladycolega left the game
[09ago2024 03:43:36.705] [Server thread/INFO] [net.minecraft.server.MinecraftServer/]: [Not Secure] <colegavortexuvia> si dormis nos salimos y entramos luego
[09ago2024 03:43:39.056] [Server thread/INFO] [net.minecraft.server.network.ServerGamePacketListenerImpl/]: colegavortexuvia lost connection: Disconnected
[09ago2024 03:43:39.056] [Server thread/INFO] [net.minecraft.server.MinecraftServer/]: colegavortexuvia left the game
[09ago2024 03:43:49.351] [Server thread/INFO] [net.minecraft.server.players.PlayerList/]: ladycolega[/92.189.202.36:51008] logged in with entity id 5921927 at (-1961.3795789784235, 72.0, 1323.380434883907)
[09ago2024 03:43:49.364] [Server thread/INFO] [net.minecraft.server.MinecraftServer/]: ladycolega joined the game
[09ago2024 03:43:49.439] [Server thread/INFO] [Jade/]: Syncing config to ladycolega (67d1e1f5-e43d-31fe-abd1-06840cb68358)
[09ago2024 03:44:06.181] [Server thread/INFO] [net.minecraft.server.players.PlayerList/]: colegavortexuvia[/91.245.204.223:1664] logged in with entity id 5922391 at (-1966.0477130947395, 72.0, 1323.5885538556845)
[09ago2024 03:44:06.193] [Server thread/INFO] [net.minecraft.server.MinecraftServer/]: colegavortexuvia joined the game
[09ago2024 03:44:06.345] [Server thread/INFO] [Jade/]: Syncing config to colegavortexuvia (db0cfd25-7a80-3c7a-9ea5-43bb1fd97d2a)
[09ago2024 03:46:54.449] [Server thread/WARN] [net.minecraft.server.MinecraftServer/]: Can't keep up! Is the server overloaded? Running 2031ms or 40 ticks behind
[09ago2024 03:47:12.114] [Server thread/WARN] [net.minecraft.server.MinecraftServer/]: Can't keep up! Is the server overloaded? Running 2696ms or 53 ticks behind
[09ago2024 03:47:35.021] [Server thread/WARN] [net.minecraft.server.MinecraftServer/]: Can't keep up! Is the server overloaded? Running 2004ms or 40 ticks behind
[09ago2024 03:48:07.870] [Server thread/WARN] [net.minecraft.server.MinecraftServer/]: Can't keep up! Is the server overloaded? Running 2002ms or 40 ticks behind
[09ago2024 03:48:36.771] [Server thread/WARN] [net.minecraft.server.MinecraftServer/]: Can't keep up! Is the server overloaded? Running 2004ms or 40 ticks behind
[09ago2024 03:49:39.164] [Server thread/INFO] [net.minecraft.server.MinecraftServer/]: ladycolega has made the advancement [Sadly, Won't Give More FPS]
[09ago2024 04:05:46.561] [Server thread/WARN] [net.minecraft.server.network.ServerGamePacketListenerImpl/]: Alintvnr moved too quickly! -5565.528994604621,-88.67647087614428,4903.768918143354
[09ago2024 04:05:47.538] [Server thread/WARN] [net.minecraft.server.MinecraftServer/]: Can't keep up! Is the server overloaded? Running 2020ms or 40 ticks behind
[09ago2024 04:05:52.250] [Server thread/WARN] [net.minecraft.server.network.ServerGamePacketListenerImpl/]: SunnyWeeny moved too quickly! -5565.872592682363,-88.92159999847412,4902.846490282605
[09ago2024 04:11:41.753] [Server thread/INFO] [net.minecraft.server.MinecraftServer/]: Alintvnr has reached the goal [Alpha Fur]
[09ago2024 04:11:41.754] [Server thread/INFO] [net.minecraft.server.MinecraftServer/]: SunnyWeeny has reached the goal [Alpha Fur]
[09ago2024 04:13:51.813] [Server thread/WARN] [net.minecraft.server.level.ServerPlayerGameMode/]: Mismatch in destroy block pos: BlockPos{x=-6488, y=15, z=5387} BlockPos{x=-6488, y=15, z=5386}
[09ago2024 04:13:55.055] [Server thread/WARN] [net.minecraft.server.level.ServerPlayerGameMode/]: Mismatch in destroy block pos: BlockPos{x=-6488, y=19, z=5382} BlockPos{x=-6488, y=19, z=5384}
[09ago2024 04:18:47.653] [Server thread/INFO] [net.minecraft.server.MinecraftServer/]: [Not Secure] <ladycolega> buenas noches compis jeje
[09ago2024 04:18:49.554] [Server thread/INFO] [net.minecraft.server.network.ServerGamePacketListenerImpl/]: ladycolega lost connection: Disconnected
[09ago2024 04:18:49.554] [Server thread/INFO] [net.minecraft.server.MinecraftServer/]: ladycolega left the game
[09ago2024 04:18:52.756] [Server thread/INFO] [net.minecraft.server.MinecraftServer/]: [Not Secure] <Alintvnr> nanit
[09ago2024 04:18:58.861] [Server thread/INFO] [net.minecraft.server.MinecraftServer/]: [Not Secure] <colegavortexuvia> chaito uwu
[09ago2024 04:19:03.267] [Server thread/INFO] [net.minecraft.server.MinecraftServer/]: [Not Secure] <SunnyWeeny> CHAUUU
[09ago2024 04:19:05.155] [Server thread/INFO] [net.minecraft.server.MinecraftServer/]: [Not Secure] <Alintvnr> xauu
[09ago2024 04:19:37.507] [Server thread/INFO] [net.minecraft.server.MinecraftServer/]: [Not Secure] <colegavortexuvia> ya sabes hiperamiga de diamante que te puedo presentar el bioma de la ancient cuando quieras lo tengo facil
[09ago2024 04:19:44.954] [Server thread/INFO] [net.minecraft.server.MinecraftServer/]: [Not Secure] <Alintvnr> geniaaal
[09ago2024 04:19:45.864] [Server thread/INFO] [net.minecraft.server.MinecraftServer/]: [Not Secure] <colegavortexuvia> pero lo que es la ciudad no tengo ni idea
[09ago2024 04:19:47.454] [Server thread/INFO] [net.minecraft.server.MinecraftServer/]: [Not Secure] <Alintvnr> muchas gracias
[09ago2024 04:19:53.304] [Server thread/INFO] [net.minecraft.server.MinecraftServer/]: [Not Secure] <Alintvnr> mhmm no pron
[09ago2024 04:19:55.155] [Server thread/INFO] [net.minecraft.server.MinecraftServer/]: [Not Secure] <colegavortexuvia> no es nada jeje
[09ago2024 04:19:57.855] [Server thread/INFO] [net.minecraft.server.MinecraftServer/]: [Not Secure] <Alintvnr> prob*
[09ago2024 04:20:03.057] [Server thread/INFO] [net.minecraft.server.MinecraftServer/]: [Not Secure] <colegavortexuvia> no pronombre
[09ago2024 04:20:35.611] [Server thread/INFO] [net.minecraft.server.MinecraftServer/]: [Not Secure] <colegavortexuvia> chaitooo
[09ago2024 04:20:37.056] [Server thread/INFO] [net.minecraft.server.network.ServerGamePacketListenerImpl/]: colegavortexuvia lost connection: Disconnected
[09ago2024 04:20:37.056] [Server thread/INFO] [net.minecraft.server.MinecraftServer/]: colegavortexuvia left the game
[09ago2024 04:20:39.351] [Server thread/INFO] [net.minecraft.server.MinecraftServer/]: [Not Secure] <Alintvnr> xaiii
[09ago2024 04:29:45.514] [Server thread/INFO] [net.minecraft.server.MinecraftServer/]: Alintvnr has reached the goal [Clear Skies]
[09ago2024 04:29:45.515] [Server thread/INFO] [net.minecraft.server.MinecraftServer/]: SunnyWeeny has reached the goal [Clear Skies]
[09ago2024 04:49:18.288] [Server thread/WARN] [net.minecraft.server.level.ServerPlayerGameMode/]: Mismatch in destroy block pos: BlockPos{x=-7034, y=0, z=5218} BlockPos{x=-7034, y=-1, z=5218}
[09ago2024 04:49:18.361] [Server thread/WARN] [net.minecraft.server.level.ServerPlayerGameMode/]: Mismatch in destroy block pos: BlockPos{x=-7034, y=0, z=5218} BlockPos{x=-7034, y=-1, z=5218}
[09ago2024 04:51:33.206] [Server thread/WARN] [net.minecraft.server.level.ServerPlayerGameMode/]: Mismatch in destroy block pos: BlockPos{x=-7060, y=7, z=5184} BlockPos{x=-7060, y=6, z=5183}
[09ago2024 04:51:33.274] [Server thread/WARN] [net.minecraft.server.level.ServerPlayerGameMode/]: Mismatch in destroy block pos: BlockPos{x=-7051, y=5, z=5200} BlockPos{x=-7052, y=4, z=5198}
[09ago2024 04:51:33.327] [Server thread/WARN] [net.minecraft.server.level.ServerPlayerGameMode/]: Mismatch in destroy block pos: BlockPos{x=-7060, y=6, z=5184} BlockPos{x=-7060, y=6, z=5183}
[09ago2024 04:51:33.370] [Server thread/WARN] [net.minecraft.server.level.ServerPlayerGameMode/]: Mismatch in destroy block pos: BlockPos{x=-7060, y=7, z=5184} BlockPos{x=-7060, y=6, z=5183}
[09ago2024 04:51:33.466] [Server thread/WARN] [net.minecraft.server.level.ServerPlayerGameMode/]: Mismatch in destroy block pos: BlockPos{x=-7060, y=6, z=5184} BlockPos{x=-7061, y=6, z=5183}
[09ago2024 04:51:33.509] [Server thread/WARN] [net.minecraft.server.level.ServerPlayerGameMode/]: Mismatch in destroy block pos: BlockPos{x=-7060, y=7, z=5184} BlockPos{x=-7061, y=6, z=5183}
[09ago2024 04:51:33.564] [Server thread/WARN] [net.minecraft.server.level.ServerPlayerGameMode/]: Mismatch in destroy block pos: BlockPos{x=-7060, y=7, z=5184} BlockPos{x=-7061, y=6, z=5183}
[09ago2024 04:51:33.624] [Server thread/WARN] [net.minecraft.server.level.ServerPlayerGameMode/]: Mismatch in destroy block pos: BlockPos{x=-7060, y=6, z=5184} BlockPos{x=-7061, y=6, z=5183}
[09ago2024 04:52:03.588] [Server thread/WARN] [net.minecraft.server.level.ServerPlayerGameMode/]: Mismatch in destroy block pos: BlockPos{x=-7060, y=6, z=5184} BlockPos{x=-7060, y=5, z=5184}
[09ago2024 04:52:03.797] [Server thread/WARN] [net.minecraft.server.level.ServerPlayerGameMode/]: Mismatch in destroy block pos: BlockPos{x=-7060, y=6, z=5184} BlockPos{x=-7060, y=5, z=5184}
[09ago2024 04:52:03.798] [Server thread/WARN] [net.minecraft.server.level.ServerPlayerGameMode/]: Mismatch in destroy block pos: BlockPos{x=-7060, y=6, z=5184} BlockPos{x=-7060, y=5, z=5184}
[09ago2024 04:52:35.703] [Server thread/WARN] [net.minecraft.server.level.ServerPlayerGameMode/]: Mismatch in destroy block pos: BlockPos{x=-7051, y=6, z=5167} BlockPos{x=-7051, y=5, z=5167}
[09ago2024 04:52:36.910] [Server thread/WARN] [net.minecraft.server.level.ServerPlayerGameMode/]: Mismatch in destroy block pos: BlockPos{x=-7051, y=7, z=5167} BlockPos{x=-7051, y=5, z=5166}
[09ago2024 04:52:37.907] [Server thread/WARN] [net.minecraft.server.level.ServerPlayerGameMode/]: Mismatch in destroy block pos: BlockPos{x=-7051, y=6, z=5167} BlockPos{x=-7051, y=5, z=5167}
[09ago2024 04:52:37.908] [Server thread/WARN] [net.minecraft.server.level.ServerPlayerGameMode/]: Mismatch in destroy block pos: BlockPos{x=-7051, y=7, z=5167} BlockPos{x=-7051, y=5, z=5167}
[09ago2024 04:52:37.909] [Server thread/WARN] [net.minecraft.server.level.ServerPlayerGameMode/]: Mismatch in destroy block pos: BlockPos{x=-7051, y=8, z=5167} BlockPos{x=-7051, y=5, z=5167}
[09ago2024 04:52:40.162] [Server thread/WARN] [net.minecraft.server.level.ServerPlayerGameMode/]: Mismatch in destroy block pos: BlockPos{x=-7051, y=7, z=5167} BlockPos{x=-7051, y=5, z=5165}
[09ago2024 04:52:40.261] [Server thread/WARN] [net.minecraft.server.level.ServerPlayerGameMode/]: Mismatch in destroy block pos: BlockPos{x=-7051, y=6, z=5167} BlockPos{x=-7051, y=5, z=5165}
[09ago2024 04:52:42.254] [Server thread/WARN] [net.minecraft.server.level.ServerPlayerGameMode/]: Mismatch in destroy block pos: BlockPos{x=-7051, y=7, z=5167} BlockPos{x=-7051, y=5, z=5166}
[09ago2024 04:58:35.344] [Server thread/INFO] [net.minecraft.server.network.ServerGamePacketListenerImpl/]: SunnyWeeny lost connection: Disconnected
[09ago2024 04:58:35.344] [Server thread/INFO] [net.minecraft.server.MinecraftServer/]: SunnyWeeny left the game
[09ago2024 04:58:36.940] [Server thread/INFO] [net.minecraft.server.network.ServerGamePacketListenerImpl/]: Alintvnr lost connection: Disconnected
[09ago2024 04:58:36.940] [Server thread/INFO] [net.minecraft.server.MinecraftServer/]: Alintvnr left the game
[09ago2024 05:05:12.099] [Server thread/INFO] [net.minecraft.server.players.PlayerList/]: colegavortexuvia[/91.245.204.223:1264] logged in with entity id 6009328 at (-128.5640158236924, 63.0, -122.40119141411775)
[09ago2024 05:05:12.117] [Server thread/INFO] [net.minecraft.server.MinecraftServer/]: colegavortexuvia joined the game
[09ago2024 05:05:12.206] [Server thread/INFO] [Jade/]: Syncing config to colegavortexuvia (db0cfd25-7a80-3c7a-9ea5-43bb1fd97d2a)
[09ago2024 05:09:52.489] [Server thread/INFO] [net.minecraft.server.network.ServerGamePacketListenerImpl/]: colegavortexuvia lost connection: Disconnected
[09ago2024 05:09:52.490] [Server thread/INFO] [net.minecraft.server.MinecraftServer/]: colegavortexuvia left the game
[09ago2024 05:10:50.483] [Server thread/INFO] [net.minecraft.server.players.PlayerList/]: colegavortexuvia[/91.245.204.223:1387] logged in with entity id 6010338 at (-128.5640158236924, 63.0, -122.40119141411775)
[09ago2024 05:10:50.496] [Server thread/INFO] [net.minecraft.server.MinecraftServer/]: colegavortexuvia joined the game
[09ago2024 05:10:50.571] [Server thread/INFO] [Jade/]: Syncing config to colegavortexuvia (db0cfd25-7a80-3c7a-9ea5-43bb1fd97d2a)
[09ago2024 05:58:54.490] [Server thread/INFO] [net.minecraft.server.network.ServerGamePacketListenerImpl/]: colegavortexuvia lost connection: Disconnected
[09ago2024 05:58:54.491] [Server thread/INFO] [net.minecraft.server.MinecraftServer/]: colegavortexuvia left the game
[09ago2024 14:39:18.459] [Server thread/INFO] [net.minecraft.server.players.PlayerList/]: Bane32[/77.225.230.20:56849] logged in with entity id 6018533 at (-44.42983988977752, 81.0, 22.335382928393457)
[09ago2024 14:39:18.516] [Server thread/INFO] [net.minecraft.server.MinecraftServer/]: Bane32 joined the game
[09ago2024 14:39:18.573] [Server thread/INFO] [Jade/]: Syncing config to Bane32 (cfc49e9e-5ba1-3949-84a4-e4e6df10f0c4)
[09ago2024 15:17:35.834] [Server thread/INFO] [net.minecraft.world.entity.npc.Villager/]: Villager Villager['Unemployed'/33, l='ServerLevel[world]', x=-457.64, y=117.00, z=20.31] died, message: 'Unemployed hit the ground too hard'
[09ago2024 15:39:35.723] [Server thread/INFO] [net.minecraft.server.MinecraftServer/]: Bane32 has made the advancement [Odds and Ends]
[09ago2024 16:05:51.945] [Server thread/INFO] [net.minecraft.server.MinecraftServer/]: Bane32 has made the advancement [Sadly, Won't Give More FPS]
[09ago2024 16:16:15.898] [Server thread/WARN] [net.minecraft.server.network.ServerGamePacketListenerImpl/]: Bane32 moved wrongly!
[09ago2024 16:47:06.108] [Server thread/WARN] [net.minecraft.server.MinecraftServer/]: Can't keep up! Is the server overloaded? Running 3115ms or 62 ticks behind
[09ago2024 17:08:27.729] [Server thread/INFO] [net.minecraft.server.players.PlayerList/]: SunnyWeeny[/80.29.33.153:64074] logged in with entity id 6619806 at (-6951.473771576281, 5.0, 5204.0580042010815)
[09ago2024 17:08:27.754] [Server thread/INFO] [net.minecraft.server.MinecraftServer/]: SunnyWeeny joined the game
[09ago2024 17:08:27.795] [Server thread/INFO] [Jade/]: Syncing config to SunnyWeeny (e9569ae6-0bab-3f50-803a-eb455be11bd4)
[09ago2024 17:08:33.309] [Server thread/INFO] [net.minecraft.server.players.PlayerList/]: Alintvnr[/80.29.33.153:54230] logged in with entity id 6621159 at (-6952.534682254432, 5.0, 5203.300000011921)
[09ago2024 17:08:33.324] [Server thread/INFO] [net.minecraft.server.MinecraftServer/]: Alintvnr joined the game
[09ago2024 17:08:33.405] [Server thread/INFO] [Jade/]: Syncing config to Alintvnr (d127184c-4b59-383d-9783-28c9b413d263)
[09ago2024 17:13:16.136] [Server thread/INFO] [net.minecraft.server.network.ServerGamePacketListenerImpl/]: SunnyWeeny lost connection: Disconnected
[09ago2024 17:13:16.136] [Server thread/INFO] [net.minecraft.server.MinecraftServer/]: SunnyWeeny left the game
[09ago2024 17:16:17.529] [Server thread/INFO] [net.minecraft.server.players.PlayerList/]: SunnyWeeny[/80.29.33.153:64125] logged in with entity id 6719834 at (-6925.283514561175, 6.0, 5210.09300951328)
[09ago2024 17:16:17.539] [Server thread/INFO] [net.minecraft.server.MinecraftServer/]: SunnyWeeny joined the game
[09ago2024 17:16:17.701] [Server thread/INFO] [Jade/]: Syncing config to SunnyWeeny (e9569ae6-0bab-3f50-803a-eb455be11bd4)
[09ago2024 17:16:18.660] [Server thread/INFO] [net.minecraft.server.MinecraftServer/]: [Not Secure] <Alintvnr> anda oli
[09ago2024 17:16:25.280] [Server thread/INFO] [net.minecraft.server.MinecraftServer/]: [Not Secure] <Bane32> alioli
[09ago2024 17:16:36.531] [Server thread/INFO] [net.minecraft.server.MinecraftServer/]: [Not Secure] <Bane32> ali, oli
[09ago2024 17:16:39.181] [Server thread/INFO] [net.minecraft.server.MinecraftServer/]: [Not Secure] <Alintvnr> skjdfgjhasgfgjsf
[09ago2024 17:17:01.711] [Server thread/INFO] [net.minecraft.server.MinecraftServer/]: [Not Secure] <SunnyWeeny> bua esteban conoces el quark?
[09ago2024 17:17:12.408] [Server thread/INFO] [net.minecraft.server.MinecraftServer/]: [Not Secure] <Bane32> el mod?
[09ago2024 17:18:39.556] [Server thread/INFO] [net.minecraft.server.MinecraftServer/]: [Not Secure] <Bane32> estáis por el twilight?
[09ago2024 17:18:44.378] [Server thread/INFO] [net.minecraft.server.MinecraftServer/]: [Not Secure] <Alintvnr> yes
[09ago2024 17:19:11.204] [Server thread/INFO] [net.minecraft.server.MinecraftServer/]: [Not Secure] <Bane32> capaz le hecho un vistazo
